C51 COMPILER V9.54   LED                                                                   03/28/2016 11:19:40 PAGE 1   


C51 COMPILER V9.54, COMPILATION OF MODULE LED
OBJECT MODULE PLACED IN .\Objects\led.obj
COMPILER INVOKED BY: D:\MDK5.17A\C51\BIN\C51.EXE DEVICES\LED\led.c OPTIMIZE(8,SPEED) BROWSE INCDIR(.\DEVICES\LED;.\DEVIC
                    -ES\TIMER;.\DEVICES\SYSTEM;.\DEVICES\NUM_LED) DEBUG OBJECTEXTEND PRINT(.\Listings\led.lst) TABS(3) OBJECT(.\Objects\led.o
                    -bj)

line level    source

   1          
   2          /*****************************************************************************
   3           **************       大学生电器开发部 -- E.D.D     ***************************
   4           *****************************************************************************
   5           *  适用于电器开发部15级学习板，STC15@32M晶振
   6           *  File name: led.c
   7           *  Author: E.D.D
   8           *  Date: 2016-1-20 
   9           *  Version: V2.0
  10           *  Description: led相关函数说明
  11           *  Copyright (C) E.D.D -- HPU
  12           *****************************************************************************/
  13           
  14          #include "led.h"
  15          #define P0_ENABLE P11
  16          
  17          /**
  18            *  函数名称：Led_Init
  19            *  函数参数：无
  20            *  函数功能：led初始化
  21            *  日期：2016-1-20
  22            */
  23          void Led_Init(void)
  24          {
  25   1         P2 &= (uint8)~(7<<0);    /* 将后三位清零 */
  26   1         P2 |= (uint8)(3<<1);     /* 将低三位置于 1 1 0 */
  27   1         P0_ENABLE = 0;
  28   1         P0 = 0xff;     /* 使小灯全灭 */
  29   1      }
  30          
  31          /**
  32            *  函数名称：Led_Scan
  33            *  函数参数：无
  34            *  函数功能：跑马灯--led扫描
  35            *  日期：2016-1-20
  36            */
  37          void Led_Scan(void)
  38          {
  39   1         static uint8 i = 0;
  40   1         
  41   1         P11 = 1;
  42   1         P0 = (uint8)~(1<<i++);   /* 通过循环点亮每个小灯 */
  43   1         i &= 0x07;
  44   1         P11 = 0;
  45   1      }


MODULE INFORMATION:   STATIC OVERLAYABLE
   CODE SIZE        =     38    ----
   CONSTANT SIZE    =   ----    ----
   XDATA SIZE       =   ----    ----
   PDATA SIZE       =   ----    ----
   DATA SIZE        =      1    ----
C51 COMPILER V9.54   LED                                                                   03/28/2016 11:19:40 PAGE 2   

   IDATA SIZE       =   ----    ----
   BIT SIZE         =   ----    ----
END OF MODULE INFORMATION.


C51 COMPILATION COMPLETE.  0 WARNING(S),  0 ERROR(S)
