C51 COMPILER V9.54   MAIN                                                                  03/28/2016 11:19:40 PAGE 1   


C51 COMPILER V9.54, COMPILATION OF MODULE MAIN
OBJECT MODULE PLACED IN .\Objects\main.obj
COMPILER INVOKED BY: D:\MDK5.17A\C51\BIN\C51.EXE APP\main.c OPTIMIZE(8,SPEED) BROWSE INCDIR(.\DEVICES\LED;.\DEVICES\TIME
                    -R;.\DEVICES\SYSTEM;.\DEVICES\NUM_LED) DEBUG OBJECTEXTEND PRINT(.\Listings\main.lst) TABS(3) OBJECT(.\Objects\main.obj)

line level    source

   1          
   2          /*****************************************************************************
   3           **************       大学生电器开发部 -- E.D.D     ***************************
   4           *****************************************************************************
   5           *  适用于电器开发部15级学习板，STC15@32M晶振
   6           *  File name：test.c
   7           *  Author: E.D.D
   8           *  Date: 2016-1-20 
   9           *  Version: V2.0
  10           *  Description: 主函数
  11           *  Copyright (C) E.D.D -- HPU
  12           *****************************************************************************/
  13           
  14          #include <STC12C5A60S2.H>
  15          #include "led.h"
  16          #include "timer.h"    /* 要添加定时器的头文件 */
  17          #include "num_led.h"
  18          
  19          extern uint8 flag;     /* 外部变量声明，声明时不要出现赋值 */
  20          
  21          //void main(void)      /* 此main函数是单个数码管的自加程序 */
  22          //{
  23          // NUM_LED_Init();
  24          // Timer0_Init();
  25          
  26          // while(1)
  27          // {
  28          //    if(1 == flag)
  29          //    {
  30          //       flag = !flag;  /* 清除标志位 */
  31          //       NUM_ShowScan();
  32          //    }
  33          // }
  34          //}
  35          
  36          void main(void)         /* 此main函数是流水灯的程序 */
  37          {
  38   1         Led_Init();
  39   1         Timer0_Init();
  40   1      
  41   1         while(1)
  42   1         {
  43   2            if(1 == flag)
  44   2            {
  45   3               flag = !flag;  /* 清除标志位 */
  46   3               Led_Scan();
  47   3            }
  48   2         }
  49   1      }
  50          
  51          /****************   注意事项  **********************/
  52          /*   两个main函数不能共用,用两个之一将另一个注释  ****/
  53          
  54          /****************    课下思考  ********************/
C51 COMPILER V9.54   MAIN                                                                  03/28/2016 11:19:40 PAGE 2   

  55          /*  如何将这两个功能一起实现
  56           *  流水灯可以工作，数码管也能正常工作？？？       **/
  57          
  58          
  59          


MODULE INFORMATION:   STATIC OVERLAYABLE
   CODE SIZE        =     26    ----
   CONSTANT SIZE    =   ----    ----
   XDATA SIZE       =   ----    ----
   PDATA SIZE       =   ----    ----
   DATA SIZE        =   ----    ----
   IDATA SIZE       =   ----    ----
   BIT SIZE         =   ----    ----
END OF MODULE INFORMATION.


C51 COMPILATION COMPLETE.  0 WARNING(S),  0 ERROR(S)
