C51 COMPILER V9.54   NUM_LED                                                               03/28/2016 11:19:40 PAGE 1   


C51 COMPILER V9.54, COMPILATION OF MODULE NUM_LED
OBJECT MODULE PLACED IN .\Objects\num_led.obj
COMPILER INVOKED BY: D:\MDK5.17A\C51\BIN\C51.EXE DEVICES\NUM_LED\num_led.c OPTIMIZE(8,SPEED) BROWSE INCDIR(.\DEVICES\LED
                    -;.\DEVICES\TIMER;.\DEVICES\SYSTEM;.\DEVICES\NUM_LED) DEBUG OBJECTEXTEND PRINT(.\Listings\num_led.lst) TABS(3) OBJECT(.\O
                    -bjects\num_led.obj)

line level    source

   1          
   2          /*****************************************************************************
   3           **************       大学生电器开发部 -- E.D.D     ***************************
   4           *****************************************************************************
   5           *  适用于电器开发部12级学习板，STC12@32M晶振
   6           *  File name: num_led.c
   7           *  Author: E.D.D
   8           *  Date: 2016-1-20 
   9           *  Version: V2.0
  10           *  Description: 定时器相关函数说明
  11           *  Copyright (C) E.D.D -- HPU
  12           *****************************************************************************/
  13           
  14          #include "num_led.h"
  15          
  16          uint8 code NUM_TABLE[10] = {0xC0, 0XF9, 0XA4, 0XB0, 0X99, 0x92, 0X82, 0XF8, 0X80, 0X90};
  17          
  18          /**
  19            *  函数名称：NUM_LED_Init
  20            *  函数参数：无
  21            *  函数功能：num_led 初始化
  22            *  日期：2016-1-20
  23            */
  24          void NUM_LED_Init(void)
  25          {
  26   1         P11 = 0;
  27   1      // P0M1 = 0x00; P0M0 = 0xff;   /* 强推挽输出  */
  28   1         P0 = 0xff;                  /* 消除失效数据 */
  29   1      }
  30          
  31          /**
  32            *  函数名称：NUM_ShowScan
  33            *  函数参数：无
  34            *  函数功能：数字单个显示
  35            *  日期：2016-1-20
  36            */
  37          void NUM_ShowScan(void)
  38          {
  39   1         static uint8 num = 0;
  40   1      
  41   1         P11 = 1;                     /* 消除鬼影 */
  42   1         P2 &= (uint8)~(7<<0);    /* 将后三位清零 */
  43   1         P2 |= (uint8)(5<<0);     /* 将低三位置于 1 1 0 */
  44   1         P0 = NUM_TABLE[num++];    /* 循环扫描数据 */
  45   1         num %= 9;
  46   1         P11 = 0;                     /* 送出数据显示 */
  47   1      }
  48          
  49          
  50          
  51          


C51 COMPILER V9.54   NUM_LED                                                               03/28/2016 11:19:40 PAGE 2   

MODULE INFORMATION:   STATIC OVERLAYABLE
   CODE SIZE        =     37    ----
   CONSTANT SIZE    =     10    ----
   XDATA SIZE       =   ----    ----
   PDATA SIZE       =   ----    ----
   DATA SIZE        =      1    ----
   IDATA SIZE       =   ----    ----
   BIT SIZE         =   ----    ----
END OF MODULE INFORMATION.


C51 COMPILATION COMPLETE.  0 WARNING(S),  0 ERROR(S)
